TN:
SF:src\domains\user\dto\index.ts
FN:2,UserDTO
FN:10,<instance_members_initializer>
FN:18,ExtendedUserDTO
FN:25,<instance_members_initializer>
FN:30,UserViewDTO
FN:37,<instance_members_initializer>
FNF:6
FNH:2
FNDA:0,UserDTO
FNDA:0,<instance_members_initializer>
FNDA:0,ExtendedUserDTO
FNDA:0,<instance_members_initializer>
FNDA:5,UserViewDTO
FNDA:5,<instance_members_initializer>
DA:1,1
DA:2,1
DA:3,0
DA:4,0
DA:5,0
DA:6,0
DA:7,0
DA:8,0
DA:9,1
DA:10,1
DA:11,0
DA:12,0
DA:13,0
DA:14,1
DA:15,1
DA:16,1
DA:17,1
DA:18,1
DA:19,0
DA:20,0
DA:21,0
DA:22,0
DA:23,0
DA:24,1
DA:25,1
DA:26,0
DA:27,1
DA:28,1
DA:29,1
DA:30,1
DA:31,5
DA:32,5
DA:33,5
DA:34,5
DA:35,5
DA:36,1
DA:37,1
DA:38,5
DA:39,5
DA:40,1
DA:41,1
LF:41
LH:26
BRDA:10,0,0,0
BRDA:25,1,0,0
BRDA:30,2,0,5
BRDA:37,3,0,5
BRF:4
BRH:2
end_of_record
TN:
SF:src\domains\user\service\user.service.impl.ts
FN:10,<instance_members_initializer>
FN:10,UserServiceImpl
FN:12,getUser
FN:18,getUsersByUsername
FN:23,getUserView
FN:31,getUserRecommendations
FN:36,deleteUser
FN:40,setPrivate
FN:47,setProfilePicture
FN:54,getProfilePicture
FNF:10
FNH:10
FNDA:1,<instance_members_initializer>
FNDA:1,UserServiceImpl
FNDA:2,getUser
FNDA:1,getUsersByUsername
FNDA:1,getUserView
FNDA:1,getUserRecommendations
FNDA:1,deleteUser
FNDA:3,setPrivate
FNDA:2,setProfilePicture
FNDA:1,getProfilePicture
DA:1,1
DA:2,1
DA:3,1
DA:4,1
DA:5,1
DA:6,1
DA:7,1
DA:8,1
DA:9,1
DA:10,1
DA:11,1
DA:12,1
DA:13,2
DA:14,2
DA:15,1
DA:16,1
DA:17,1
DA:18,1
DA:19,1
DA:20,1
DA:21,1
DA:22,1
DA:23,1
DA:24,1
DA:25,1
DA:26,1
DA:27,1
DA:28,1
DA:29,1
DA:30,1
DA:31,1
DA:32,1
DA:33,1
DA:34,1
DA:35,1
DA:36,1
DA:37,1
DA:38,1
DA:39,1
DA:40,1
DA:41,3
DA:42,2
DA:43,3
DA:44,3
DA:45,3
DA:46,1
DA:47,1
DA:48,2
DA:49,2
DA:50,2
DA:51,2
DA:52,2
DA:53,1
DA:54,1
DA:55,1
DA:56,1
DA:57,1
DA:58,1
LF:58
LH:58
BRDA:10,0,0,1
BRDA:10,1,0,1
BRDA:12,2,0,2
BRDA:14,3,0,1
BRDA:18,4,0,1
BRDA:20,5,0,4
BRDA:23,6,0,1
BRDA:25,7,0,0
BRDA:31,8,0,1
BRDA:36,9,0,1
BRDA:40,10,0,3
BRDA:41,11,0,2
BRDA:41,12,0,1
BRDA:42,13,0,2
BRDA:43,14,0,1
BRDA:43,15,0,1
BRDA:47,16,0,2
BRDA:54,17,0,1
BRF:18
BRH:17
end_of_record
TN:
SF:src\utils\auth.ts
FN:7,generateAccessToken
FN:13,withAuth
FN:28,encryptPassword
FN:32,checkPassword
FNF:4
FNH:0
FNDA:0,generateAccessToken
FNDA:0,withAuth
FNDA:0,encryptPassword
FNDA:0,checkPassword
DA:1,1
DA:2,1
DA:3,1
DA:4,1
DA:5,1
DA:6,1
DA:7,1
DA:8,0
DA:9,0
DA:10,0
DA:11,0
DA:12,1
DA:13,1
DA:14,0
DA:15,0
DA:16,0
DA:17,0
DA:18,0
DA:19,0
DA:20,0
DA:21,0
DA:22,0
DA:23,0
DA:24,0
DA:25,0
DA:26,0
DA:27,1
DA:28,1
DA:29,0
DA:30,0
DA:31,1
DA:32,1
DA:33,0
DA:34,0
LF:34
LH:13
BRF:0
BRH:0
end_of_record
TN:
SF:src\utils\constants.ts
FN:18,<static_initializer>
FNF:1
FNH:1
FNDA:1,<static_initializer>
DA:1,1
DA:2,1
DA:3,1
DA:4,1
DA:5,1
DA:6,1
DA:7,1
DA:8,1
DA:9,1
DA:10,1
DA:11,1
DA:12,1
DA:13,1
DA:14,1
DA:15,1
DA:16,1
DA:17,1
DA:18,1
DA:19,1
DA:20,1
DA:21,1
DA:22,1
DA:23,1
DA:24,1
DA:25,1
DA:26,1
DA:27,1
DA:28,1
DA:29,1
DA:30,1
DA:31,1
DA:32,1
DA:33,1
DA:34,1
DA:35,1
DA:36,1
DA:37,1
DA:38,1
DA:39,1
DA:40,1
LF:40
LH:40
BRDA:2,0,0,1
BRDA:8,1,0,1
BRDA:18,2,0,1
BRDA:18,3,0,0
BRDA:33,4,0,0
BRDA:35,5,0,0
BRDA:37,6,0,0
BRDA:39,7,0,0
BRF:8
BRH:3
end_of_record
TN:
SF:src\utils\database.ts
FNF:0
FNH:0
DA:1,1
DA:2,1
DA:3,1
LF:3
LH:3
BRF:0
BRH:0
end_of_record
TN:
SF:src\utils\errors.ts
FN:6,<instance_members_initializer>
FN:6,HttpException
FN:12,UnauthorizedException
FN:22,ValidationException
FN:28,ForbiddenException
FN:34,NotFoundException
FN:40,ConflictException
FN:45,ErrorHandling
FNF:8
FNH:3
FNDA:1,<instance_members_initializer>
FNDA:1,HttpException
FNDA:0,UnauthorizedException
FNDA:0,ValidationException
FNDA:0,ForbiddenException
FNDA:1,NotFoundException
FNDA:0,ConflictException
FNDA:0,ErrorHandling
DA:1,1
DA:2,1
DA:3,1
DA:4,1
DA:5,1
DA:6,1
DA:7,1
DA:8,1
DA:9,1
DA:10,1
DA:11,1
DA:12,1
DA:13,0
DA:14,0
DA:15,0
DA:16,0
DA:17,0
DA:18,0
DA:19,1
DA:20,1
DA:21,1
DA:22,1
DA:23,0
DA:24,0
DA:25,1
DA:26,1
DA:27,1
DA:28,1
DA:29,0
DA:30,0
DA:31,1
DA:32,1
DA:33,1
DA:34,1
DA:35,1
DA:36,1
DA:37,1
DA:38,1
DA:39,1
DA:40,1
DA:41,0
DA:42,0
DA:43,1
DA:44,1
DA:45,0
DA:46,0
DA:47,0
DA:48,0
DA:49,0
DA:50,0
DA:51,0
DA:52,0
DA:53,0
DA:54,0
DA:55,0
LF:55
LH:32
BRDA:6,0,0,1
BRDA:6,1,0,1
BRDA:34,2,0,1
BRDA:35,3,0,0
BRF:4
BRH:3
end_of_record
TN:
SF:src\utils\index.ts
FNF:0
FNH:0
DA:1,1
DA:2,1
DA:3,1
DA:4,1
DA:5,1
DA:6,1
LF:6
LH:6
BRF:0
BRH:0
end_of_record
TN:
SF:src\utils\logger.ts
FNF:0
FNH:0
DA:1,1
DA:2,1
DA:3,1
DA:4,1
DA:5,1
DA:6,1
DA:7,1
DA:8,1
DA:9,1
DA:10,1
LF:10
LH:10
BRF:0
BRH:0
end_of_record
TN:
SF:src\utils\s3.ts
FN:16,generateS3UploadUrl
FNF:1
FNH:1
FNDA:2,generateS3UploadUrl
DA:1,1
DA:2,1
DA:3,1
DA:4,1
DA:5,1
DA:6,1
DA:7,1
DA:8,1
DA:9,1
DA:10,1
DA:11,1
DA:12,1
DA:13,1
DA:14,1
DA:15,1
DA:16,1
DA:17,2
DA:18,2
DA:19,2
DA:20,2
DA:21,2
DA:22,2
DA:23,2
DA:24,2
DA:25,2
DA:26,2
DA:27,1
DA:28,1
LF:28
LH:28
BRDA:16,0,0,2
BRF:1
BRH:1
end_of_record
TN:
SF:src\utils\validation.ts
FN:7,BodyValidation
FN:22,ReactionTypeValidation
FNF:2
FNH:0
FNDA:0,BodyValidation
FNDA:0,ReactionTypeValidation
DA:1,1
DA:2,1
DA:3,1
DA:4,1
DA:5,1
DA:6,1
DA:7,0
DA:8,0
DA:9,0
DA:10,0
DA:11,0
DA:12,0
DA:13,0
DA:14,0
DA:15,0
DA:16,0
DA:17,0
DA:18,0
DA:19,0
DA:20,1
DA:21,1
DA:22,0
DA:23,0
DA:24,0
DA:25,0
DA:26,0
DA:27,0
DA:28,0
LF:28
LH:8
BRF:0
BRH:0
end_of_record
